<?xml version="1.0" encoding="UTF-8"?>
<testsuite xmlns:xsi="http://www.w3.org/2001/XMLSchema-instance" xsi:noNamespaceSchemaLocation="https://maven.apache.org/surefire/maven-surefire-plugin/xsd/surefire-test-report.xsd" name="com.lotuslake.app.AppTest" time="0.052" tests="1" errors="0" skipped="0" failures="0">
  <properties>
    <property name="sun.desktop" value="windows"/>
    <property name="awt.toolkit" value="sun.awt.windows.WToolkit"/>
    <property name="java.specification.version" value="11"/>
    <property name="sun.cpu.isalist" value="amd64"/>
    <property name="sun.jnu.encoding" value="Cp1252"/>
    <property name="java.class.path" value="C:\Samir-Personal\parent-project\core\target\test-classes;C:\Samir-Personal\parent-project\core\target\classes;C:\Users\sshaik\.m2\repository\junit\junit\4.11\junit-4.11.jar;C:\Users\sshaik\.m2\repository\org\hamcrest\hamcrest-core\1.3\hamcrest-core-1.3.jar;"/>
    <property name="java.vm.vendor" value="Oracle Corporation"/>
    <property name="sun.arch.data.model" value="64"/>
    <property name="user.variant" value=""/>
    <property name="java.vendor.url" value="http://java.oracle.com/"/>
    <property name="user.timezone" value="America/New_York"/>
    <property name="java.vm.specification.version" value="11"/>
    <property name="os.name" value="Windows 10"/>
    <property name="sun.java.launcher" value="SUN_STANDARD"/>
    <property name="user.country" value="US"/>
    <property name="sun.boot.library.path" value="C:\Samir\Installation\jdk-11\bin"/>
    <property name="sun.java.command" value="C:\Users\sshaik\AppData\Local\Temp\surefire7675433172468439468\surefirebooter7101723286126514705.jar C:\Users\sshaik\AppData\Local\Temp\surefire7675433172468439468 2022-02-28T13-19-26_254-jvmRun1 surefire9885040374248855910tmp surefire_09706276532135724686tmp"/>
    <property name="jdk.debug" value="release"/>
    <property name="surefire.test.class.path" value="C:\Samir-Personal\parent-project\core\target\test-classes;C:\Samir-Personal\parent-project\core\target\classes;C:\Users\sshaik\.m2\repository\junit\junit\4.11\junit-4.11.jar;C:\Users\sshaik\.m2\repository\org\hamcrest\hamcrest-core\1.3\hamcrest-core-1.3.jar;"/>
    <property name="sun.cpu.endian" value="little"/>
    <property name="user.home" value="C:\Users\sshaik"/>
    <property name="user.language" value="en"/>
    <property name="java.specification.vendor" value="Oracle Corporation"/>
    <property name="java.version.date" value="2018-09-25"/>
    <property name="java.home" value="C:\Samir\Installation\jdk-11"/>
    <property name="file.separator" value="\"/>
    <property name="basedir" value="C:\Samir-Personal\parent-project\core"/>
    <property name="java.vm.compressedOopsMode" value="Zero based"/>
    <property name="line.separator" value="&#10;"/>
    <property name="java.specification.name" value="Java Platform API Specification"/>
    <property name="java.vm.specification.vendor" value="Oracle Corporation"/>
    <property name="java.awt.graphicsenv" value="sun.awt.Win32GraphicsEnvironment"/>
    <property name="surefire.real.class.path" value="C:\Users\sshaik\AppData\Local\Temp\surefire7675433172468439468\surefirebooter7101723286126514705.jar"/>
    <property name="user.script" value=""/>
    <property name="sun.management.compiler" value="HotSpot 64-Bit Tiered Compilers"/>
    <property name="java.runtime.version" value="11+28"/>
    <property name="user.name" value="sshaik"/>
    <property name="path.separator" value=";"/>
    <property name="os.version" value="10.0"/>
    <property name="java.runtime.name" value="OpenJDK Runtime Environment"/>
    <property name="file.encoding" value="Cp1252"/>
    <property name="java.vm.name" value="OpenJDK 64-Bit Server VM"/>
    <property name="java.vendor.version" value="18.9"/>
    <property name="localRepository" value="C:\Users\sshaik\.m2\repository"/>
    <property name="java.vendor.url.bug" value="http://bugreport.java.com/bugreport/"/>
    <property name="java.io.tmpdir" value="C:\Users\sshaik\AppData\Local\Temp\"/>
    <property name="java.version" value="11"/>
    <property name="user.dir" value="C:\Samir-Personal\parent-project\core"/>
    <property name="os.arch" value="amd64"/>
    <property name="java.vm.specification.name" value="Java Virtual Machine Specification"/>
    <property name="java.awt.printerjob" value="sun.awt.windows.WPrinterJob"/>
    <property name="sun.os.patch.level" value=""/>
    <property name="java.library.path" value="C:\Samir\Installation\jdk-11\bin;C:\windows\Sun\Java\bin;C:\windows\system32;C:\windows;C:\Users\sshaik\bin;C:\Program Files\Git\mingw64\bin;C:\Program Files\Git\usr\local\bin;C:\Program Files\Git\usr\bin;C:\Program Files\Git\usr\bin;C:\Program Files\Git\mingw64\bin;C:\Program Files\Git\usr\bin;C:\Users\sshaik\bin;C:\windows\system32;C:\windows;C:\windows\System32\Wbem;C:\windows\System32\WindowsPowerShell\v1.0;C:\windows\System32\OpenSSH;C:\Program Files\Git\cmd;C:\Program Files (x86)\dotnet;C:\Program Files\Amazon\AWSCLIV2;C:\Program Files\Go\bin;C:\Program Files\Docker\Docker\resources\bin;C:\ProgramData\DockerDesktop\version-bin;C:\Program Files\Amazon\AWSSAMCLI\bin;C:\ProgramData\chocolatey\bin;C:\Users\sshaik\AppData\Roaming\nvm;C:\Program Files\nodejs;C:\Program Files\PuTTY;C:\Users\sshaik\AppData\Local\Programs\Python\Python39\Scripts;C:\Users\sshaik\AppData\Local\Programs\Python\Python39;C:\Users\sshaik\AppData\Local\Microsoft\WindowsApps;C:\Users\sshaik\AppData\Local\atom\bin;C:\Users\sshaik\AppData\Local\Programs\Microsoft VS Code\bin;C:\Samir\Installation\terraform\bin;C:\Samir\Installation\helm\bin;C:\Samir\Installation\kubectl\bin;C:\Program Files\Beyond Compare 4;C:\Samir\Installation\jdk-11\bin;C:\Users\sshaik\go\bin;C:\Samir\Installation\packer;C:\Samir\Installation\maven\bin;C:\Samir\Installation\sonar-scanner\bin;C:\Users\sshaik\AppData\Roaming\nvm;C:\Program Files\nodejs;C:\Samir\Installation\vault\bin;C:\Samir\Installation\groovy-3.0.9\bin;C:\Samir\Sandbox\CodeCommit\tf-helper\tfh\bin;C:\Program Files\Git\usr\bin\vendor_perl;C:\Program Files\Git\usr\bin\core_perl;."/>
    <property name="java.vendor" value="Oracle Corporation"/>
    <property name="java.vm.info" value="mixed mode"/>
    <property name="java.vm.version" value="11+28"/>
    <property name="sun.io.unicode.encoding" value="UnicodeLittle"/>
    <property name="java.class.version" value="55.0"/>
  </properties>
  <testcase name="shouldAnswerWithTrue" classname="com.lotuslake.app.AppTest" time="0.003"/>
</testsuite>